C:\USERS\TOMKO\DOCUMENTS\GITHUB\BFIOCL\BAYERFILTER\OPENCLINTERFACE\DLL\OPENCLALGORITHM.OBJ
C:\USERS\TOMKO\DOCUMENTS\GITHUB\BFIOCL\BAYERFILTER\OPENCLINTERFACE\DLL\OPENCLALGORITHMSSTREAM.OBJ
C:\USERS\TOMKO\DOCUMENTS\GITHUB\BFIOCL\BAYERFILTER\OPENCLINTERFACE\DLL\OPENCLBAYERFILTER.OBJ
C:\USERS\TOMKO\DOCUMENTS\GITHUB\BFIOCL\BAYERFILTER\OPENCLINTERFACE\DLL\OPENCLDEVICE.OBJ
C:\USERS\TOMKO\DOCUMENTS\GITHUB\BFIOCL\BAYERFILTER\OPENCLINTERFACE\DLL\OPENCLEXCEPTION.OBJ
C:\USERS\TOMKO\DOCUMENTS\GITHUB\BFIOCL\BAYERFILTER\OPENCLINTERFACE\DLL\OPENCLFLOATTOINT.OBJ
C:\USERS\TOMKO\DOCUMENTS\GITHUB\BFIOCL\BAYERFILTER\OPENCLINTERFACE\DLL\OPENCLHELPERS.OBJ
C:\USERS\TOMKO\DOCUMENTS\GITHUB\BFIOCL\BAYERFILTER\OPENCLINTERFACE\DLL\OPENCLINTTOFLOAT.OBJ
C:\USERS\TOMKO\DOCUMENTS\GITHUB\BFIOCL\BAYERFILTER\OPENCLINTERFACE\DLL\OPENCLINVERTIMAGE.OBJ
C:\USERS\TOMKO\DOCUMENTS\GITHUB\BFIOCL\BAYERFILTER\OPENCLINTERFACE\DLL\VC110.PDB
C:\USERS\TOMKO\DOCUMENTS\GITHUB\BFIOCL\BAYERFILTER\DLL\OPENCLINTERFACE.ILK
C:\USERS\TOMKO\DOCUMENTS\GITHUB\BFIOCL\BAYERFILTER\DLL\OPENCLINTERFACE.DLL
C:\USERS\TOMKO\DOCUMENTS\GITHUB\BFIOCL\BAYERFILTER\DLL\OPENCLINTERFACE.PDB
C:\Users\Tomko\Documents\GitHub\BFIOCL\BayerFilter\OpenCLInterface\DLL\OpenCLAlgorithm.obj
C:\Users\Tomko\Documents\GitHub\BFIOCL\BayerFilter\OpenCLInterface\DLL\OpenCLAlgorithmsStream.obj
C:\Users\Tomko\Documents\GitHub\BFIOCL\BayerFilter\OpenCLInterface\DLL\OpenCLBayerFilter.obj
C:\Users\Tomko\Documents\GitHub\BFIOCL\BayerFilter\OpenCLInterface\DLL\OpenCLDevice.obj
C:\Users\Tomko\Documents\GitHub\BFIOCL\BayerFilter\OpenCLInterface\DLL\OpenCLException.obj
C:\Users\Tomko\Documents\GitHub\BFIOCL\BayerFilter\OpenCLInterface\DLL\OpenCLFloatToInt.obj
C:\Users\Tomko\Documents\GitHub\BFIOCL\BayerFilter\OpenCLInterface\DLL\OpenCLHelpers.obj
C:\Users\Tomko\Documents\GitHub\BFIOCL\BayerFilter\OpenCLInterface\DLL\OpenCLIntToFloat.obj
C:\Users\Tomko\Documents\GitHub\BFIOCL\BayerFilter\OpenCLInterface\DLL\OpenCLInvertImage.obj
C:\Users\Tomko\Documents\GitHub\BFIOCL\BayerFilter\OpenCLInterface\DLL\cl.command.1.tlog
C:\Users\Tomko\Documents\GitHub\BFIOCL\BayerFilter\OpenCLInterface\DLL\CL.read.1.tlog
C:\Users\Tomko\Documents\GitHub\BFIOCL\BayerFilter\OpenCLInterface\DLL\CL.write.1.tlog
C:\Users\Tomko\Documents\GitHub\BFIOCL\BayerFilter\OpenCLInterface\DLL\link-cvtres.read.1.tlog
C:\Users\Tomko\Documents\GitHub\BFIOCL\BayerFilter\OpenCLInterface\DLL\link-cvtres.write.1.tlog
C:\Users\Tomko\Documents\GitHub\BFIOCL\BayerFilter\OpenCLInterface\DLL\link-rc.read.1.tlog
C:\Users\Tomko\Documents\GitHub\BFIOCL\BayerFilter\OpenCLInterface\DLL\link-rc.write.1.tlog
C:\Users\Tomko\Documents\GitHub\BFIOCL\BayerFilter\OpenCLInterface\DLL\link.command.1.tlog
C:\Users\Tomko\Documents\GitHub\BFIOCL\BayerFilter\OpenCLInterface\DLL\link.read.1.tlog
C:\Users\Tomko\Documents\GitHub\BFIOCL\BayerFilter\OpenCLInterface\DLL\link.write.1.tlog
C:\Users\Tomko\Documents\GitHub\BFIOCL\BayerFilter\OpenCLInterface\DLL\vc110.idb
C:\Users\Tomko\Documents\GitHub\BFIOCL\BayerFilter\OpenCLInterface\DLL\vc110.pdb
C:\Users\Tomko\Documents\GitHub\BFIOCL\BayerFilter\DLL\OpenCLInterface.pdb
C:\Users\Tomko\Documents\GitHub\BFIOCL\BayerFilter\DLL\OpenCLInterface.dll
C:\Users\Tomko\Documents\GitHub\BFIOCL\BayerFilter\DLL\OpenCLInterface.ilk
